Loaded dependency [numpy/1.23.3-python-3.10.7-openblas-0.3.21]: openblas/0.3.21
Loaded dependency [python3/3.10.7]: gcc/11.3.0-binutils-2.38
Loaded dependency [numpy/1.23.3-python-3.10.7-openblas-0.3.21]: python3/3.10.7
Loaded dependency [pandas/1.4.4-python-3.10.7]: numpy/1.23.3-python-3.10.7-openblas-0.3.21
Loaded module: pandas/1.4.4-python-3.10.7

Loading pandas/1.4.4-python-3.10.7
  Loading requirement: openblas/0.3.21 gcc/11.3.0-binutils-2.38 python3/3.10.7
    numpy/1.23.3-python-3.10.7-openblas-0.3.21
Loaded module: matplotlib/3.6.0-numpy-1.23.3-python-3.10.7
Loaded module: cuda/11.6
Global seed set to 42
GPU available: True (cuda), used: True
TPU available: False, using: 0 TPU cores
IPU available: False, using: 0 IPUs
HPU available: False, using: 0 HPUs
Loading audio and spectrogram into RAM: 0it [00:00, ?it/s]Loading audio and spectrogram into RAM: 0it [00:00, ?it/s]
Traceback (most recent call last):
  File "/zhome/56/e/155505/Desktop/DeepLearningProject/experiment_main.py", line 62, in <module>
    main()
  File "/zhome/56/e/155505/Desktop/DeepLearningProject/experiment_main.py", line 58, in main
    fit_model(model, params, experiment_name, global_seed, max_epochs)
  File "/zhome/56/e/155505/Desktop/DeepLearningProject/experiment_helpers.py", line 125, in fit_model
    trainer.fit(model, data, ckpt_path=os.path.join(save_dir, params.checkpoint_name),)
  File "/zhome/56/e/155505/Desktop/DeepLearningProject/diffwave/lib/python3.10/site-packages/pytorch_lightning/trainer/trainer.py", line 603, in fit
    call._call_and_handle_interrupt(
  File "/zhome/56/e/155505/Desktop/DeepLearningProject/diffwave/lib/python3.10/site-packages/pytorch_lightning/trainer/call.py", line 38, in _call_and_handle_interrupt
    return trainer_fn(*args, **kwargs)
  File "/zhome/56/e/155505/Desktop/DeepLearningProject/diffwave/lib/python3.10/site-packages/pytorch_lightning/trainer/trainer.py", line 645, in _fit_impl
    self._run(model, ckpt_path=self.ckpt_path)
  File "/zhome/56/e/155505/Desktop/DeepLearningProject/diffwave/lib/python3.10/site-packages/pytorch_lightning/trainer/trainer.py", line 1037, in _run
    self._call_setup_hook()  # allow user to setup lightning_module in accelerator environment
  File "/zhome/56/e/155505/Desktop/DeepLearningProject/diffwave/lib/python3.10/site-packages/pytorch_lightning/trainer/trainer.py", line 1284, in _call_setup_hook
    self._call_lightning_datamodule_hook("setup", stage=fn)
  File "/zhome/56/e/155505/Desktop/DeepLearningProject/diffwave/lib/python3.10/site-packages/pytorch_lightning/trainer/trainer.py", line 1361, in _call_lightning_datamodule_hook
    return fn(*args, **kwargs)
  File "/zhome/56/e/155505/Desktop/DeepLearningProject/speech_datamodule.py", line 173, in setup
    self.val_set, self.train_set = self.data_class(audio_path_train, spec_path_train).split(self.params.val_size)
  File "/zhome/56/e/155505/Desktop/DeepLearningProject/speech_datamodule.py", line 133, in __init__
    for idx in range(tqdm(len(self), desc="Loading audio and spectrogram into RAM")):
TypeError: 'tqdm' object cannot be interpreted as an integer
